# JRE version: Java(TM) SE Runtime Environment (8.0_101-b13) (build 1.8.0_101-b13)
# Java VM: Java HotSpot(TM) 64-Bit Server VM (25.101-b13 mixed mode windows-amd64 compressed oops)
Heap:
 PSYoungGen      total 71680K, used 55334K [0x00000000d5d80000, 0x00000000da880000, 0x0000000100000000)
  eden space 66560K, 83% used [0x00000000d5d80000,0x00000000d9389960,0x00000000d9e80000)
  from space 5120K, 0% used [0x00000000da380000,0x00000000da380000,0x00000000da880000)
  to   space 5120K, 0% used [0x00000000d9e80000,0x00000000d9e80000,0x00000000da380000)
 ParOldGen       total 60416K, used 7451K [0x0000000081800000, 0x0000000085300000, 0x00000000d5d80000)
  object space 60416K, 12% used [0x0000000081800000,0x0000000081f46e60,0x0000000085300000)
 Metaspace       used 23410K, capacity 24672K, committed 24704K, reserved 1071104K
  class space    used 2948K, capacity 3200K, committed 3200K, reserved 1048576K
GC Heap History (10 events):
Event: 1.289 GC heap before
{Heap before GC invocations=1 (full 0):
 PSYoungGen      total 38400K, used 33280K [0x00000000d5d80000, 0x00000000d8800000, 0x0000000100000000)
  eden space 33280K, 100% used [0x00000000d5d80000,0x00000000d7e00000,0x00000000d7e00000)
  from space 5120K, 0% used [0x00000000d8300000,0x00000000d8300000,0x00000000d8800000)
  to   space 5120K, 0% used [0x00000000d7e00000,0x00000000d7e00000,0x00000000d8300000)
 ParOldGen       total 87552K, used 0K [0x0000000081800000, 0x0000000086d80000, 0x00000000d5d80000)
  object space 87552K, 0% used [0x0000000081800000,0x0000000081800000,0x0000000086d80000)
 Metaspace       used 8459K, capacity 8754K, committed 9088K, reserved 1056768K
  class space    used 974K, capacity 1064K, committed 1152K, reserved 1048576K
Event: 1.301 GC heap after
Heap after GC invocations=1 (full 0):
 PSYoungGen      total 38400K, used 5094K [0x00000000d5d80000, 0x00000000d8800000, 0x0000000100000000)
  eden space 33280K, 0% used [0x00000000d5d80000,0x00000000d5d80000,0x00000000d7e00000)
  from space 5120K, 99% used [0x00000000d7e00000,0x00000000d82f98d0,0x00000000d8300000)
  to   space 5120K, 0% used [0x00000000d8300000,0x00000000d8300000,0x00000000d8800000)
 ParOldGen       total 87552K, used 511K [0x0000000081800000, 0x0000000086d80000, 0x00000000d5d80000)
  object space 87552K, 0% used [0x0000000081800000,0x000000008187ff80,0x0000000086d80000)
 Metaspace       used 8459K, capacity 8754K, committed 9088K, reserved 1056768K
  class space    used 974K, capacity 1064K, committed 1152K, reserved 1048576K
}
Event: 2.054 GC heap before
{Heap before GC invocations=2 (full 0):
 PSYoungGen      total 38400K, used 38374K [0x00000000d5d80000, 0x00000000d8800000, 0x0000000100000000)
  eden space 33280K, 100% used [0x00000000d5d80000,0x00000000d7e00000,0x00000000d7e00000)
  from space 5120K, 99% used [0x00000000d7e00000,0x00000000d82f98d0,0x00000000d8300000)
  to   space 5120K, 0% used [0x00000000d8300000,0x00000000d8300000,0x00000000d8800000)
 ParOldGen       total 87552K, used 511K [0x0000000081800000, 0x0000000086d80000, 0x00000000d5d80000)
  object space 87552K, 0% used [0x0000000081800000,0x000000008187ff80,0x0000000086d80000)
 Metaspace       used 13409K, capacity 14114K, committed 14208K, reserved 1060864K
  class space    used 1699K, capacity 1840K, committed 1920K, reserved 1048576K
Event: 2.064 GC heap after
Heap after GC invocations=2 (full 0):
 PSYoungGen      total 38400K, used 5115K [0x00000000d5d80000, 0x00000000da880000, 0x0000000100000000)
  eden space 33280K, 0% used [0x00000000d5d80000,0x00000000d5d80000,0x00000000d7e00000)
  from space 5120K, 99% used [0x00000000d8300000,0x00000000d87fee50,0x00000000d8800000)
  to   space 5120K, 0% used [0x00000000d7e00000,0x00000000d7e00000,0x00000000d8300000)
 ParOldGen       total 87552K, used 1814K [0x0000000081800000, 0x0000000086d80000, 0x00000000d5d80000)
  object space 87552K, 2% used [0x0000000081800000,0x00000000819c58b8,0x0000000086d80000)
 Metaspace       used 13409K, capacity 14114K, committed 14208K, reserved 1060864K
  class space    used 1699K, capacity 1840K, committed 1920K, reserved 1048576K
}
Event: 2.408 GC heap before
{Heap before GC invocations=3 (full 0):
 PSYoungGen      total 38400K, used 38395K [0x00000000d5d80000, 0x00000000da880000, 0x0000000100000000)
  eden space 33280K, 100% used [0x00000000d5d80000,0x00000000d7e00000,0x00000000d7e00000)
  from space 5120K, 99% used [0x00000000d8300000,0x00000000d87fee50,0x00000000d8800000)
  to   space 5120K, 0% used [0x00000000d7e00000,0x00000000d7e00000,0x00000000d8300000)
 ParOldGen       total 87552K, used 1814K [0x0000000081800000, 0x0000000086d80000, 0x00000000d5d80000)
  object space 87552K, 2% used [0x0000000081800000,0x00000000819c58b8,0x0000000086d80000)
 Metaspace       used 17604K, capacity 18388K, committed 18560K, reserved 1064960K
  class space    used 2184K, capacity 2363K, committed 2432K, reserved 1048576K
Event: 2.417 GC heap after
Heap after GC invocations=3 (full 0):
 PSYoungGen      total 38400K, used 5103K [0x00000000d5d80000, 0x00000000da880000, 0x0000000100000000)
  eden space 33280K, 0% used [0x00000000d5d80000,0x00000000d5d80000,0x00000000d7e00000)
  from space 5120K, 99% used [0x00000000d7e00000,0x00000000d82fbe18,0x00000000d8300000)
  to   space 5120K, 0% used [0x00000000da380000,0x00000000da380000,0x00000000da880000)
 ParOldGen       total 87552K, used 4625K [0x0000000081800000, 0x0000000086d80000, 0x00000000d5d80000)
  object space 87552K, 5% used [0x0000000081800000,0x0000000081c84540,0x0000000086d80000)
 Metaspace       used 17604K, capacity 18388K, committed 18560K, reserved 1064960K
  class space    used 2184K, capacity 2363K, committed 2432K, reserved 1048576K
}
Event: 2.818 GC heap before
{Heap before GC invocations=4 (full 0):
 PSYoungGen      total 38400K, used 31906K [0x00000000d5d80000, 0x00000000da880000, 0x0000000100000000)
  eden space 33280K, 80% used [0x00000000d5d80000,0x00000000d77acb30,0x00000000d7e00000)
  from space 5120K, 99% used [0x00000000d7e00000,0x00000000d82fbe18,0x00000000d8300000)
  to   space 5120K, 0% used [0x00000000da380000,0x00000000da380000,0x00000000da880000)
 ParOldGen       total 87552K, used 4625K [0x0000000081800000, 0x0000000086d80000, 0x00000000d5d80000)
  object space 87552K, 5% used [0x0000000081800000,0x0000000081c84540,0x0000000086d80000)
 Metaspace       used 20262K, capacity 21124K, committed 21248K, reserved 1067008K
  class space    used 2553K, capacity 2747K, committed 2816K, reserved 1048576K
Event: 2.830 GC heap after
Heap after GC invocations=4 (full 0):
 PSYoungGen      total 71680K, used 5119K [0x00000000d5d80000, 0x00000000da880000, 0x0000000100000000)
  eden space 66560K, 0% used [0x00000000d5d80000,0x00000000d5d80000,0x00000000d9e80000)
  from space 5120K, 99% used [0x00000000da380000,0x00000000da87fcd8,0x00000000da880000)
  to   space 5120K, 0% used [0x00000000d9e80000,0x00000000d9e80000,0x00000000da380000)
 ParOldGen       total 87552K, used 7159K [0x0000000081800000, 0x0000000086d80000, 0x00000000d5d80000)
  object space 87552K, 8% used [0x0000000081800000,0x0000000081efdf78,0x0000000086d80000)
 Metaspace       used 20262K, capacity 21124K, committed 21248K, reserved 1067008K
  class space    used 2553K, capacity 2747K, committed 2816K, reserved 1048576K
}
Event: 2.830 GC heap before
{Heap before GC invocations=5 (full 1):
 PSYoungGen      total 71680K, used 5119K [0x00000000d5d80000, 0x00000000da880000, 0x0000000100000000)
  eden space 66560K, 0% used [0x00000000d5d80000,0x00000000d5d80000,0x00000000d9e80000)
  from space 5120K, 99% used [0x00000000da380000,0x00000000da87fcd8,0x00000000da880000)
  to   space 5120K, 0% used [0x00000000d9e80000,0x00000000d9e80000,0x00000000da380000)
 ParOldGen       total 87552K, used 7159K [0x0000000081800000, 0x0000000086d80000, 0x00000000d5d80000)
  object space 87552K, 8% used [0x0000000081800000,0x0000000081efdf78,0x0000000086d80000)
 Metaspace       used 20262K, capacity 21124K, committed 21248K, reserved 1067008K
  class space    used 2553K, capacity 2747K, committed 2816K, reserved 1048576K
Event: 2.878 GC heap after
Heap after GC invocations=5 (full 1):
 PSYoungGen      total 71680K, used 0K [0x00000000d5d80000, 0x00000000da880000, 0x0000000100000000)
  eden space 66560K, 0% used [0x00000000d5d80000,0x00000000d5d80000,0x00000000d9e80000)
  from space 5120K, 0% used [0x00000000da380000,0x00000000da380000,0x00000000da880000)
  to   space 5120K, 0% used [0x00000000d9e80000,0x00000000d9e80000,0x00000000da380000)
 ParOldGen       total 60416K, used 7451K [0x0000000081800000, 0x0000000085300000, 0x00000000d5d80000)
  object space 60416K, 12% used [0x0000000081800000,0x0000000081f46e60,0x0000000085300000)
 Metaspace       used 20262K, capacity 21124K, committed 21248K, reserved 1067008K
  class space    used 2553K, capacity 2747K, committed 2816K, reserved 1048576K
}

